<?xml version="1.0" encoding="UTF-8"?>
<testsuite xmlns:xsi="http://www.w3.org/2001/XMLSchema-instance" xsi:noNamespaceSchemaLocation="https://maven.apache.org/surefire/maven-surefire-plugin/xsd/surefire-test-report-3.0.xsd" version="3.0" name="TestRunner" time="38.5" tests="2" errors="0" skipped="0" failures="2">
  <properties>
    <property name="java.specification.version" value="16"/>
    <property name="webdriver.chrome.driver" value="/Users/bellalhossain/.cache/selenium/chromedriver/mac64/93.0.4577.63/chromedriver"/>
    <property name="sun.jnu.encoding" value="UTF-8"/>
    <property name="java.class.path" value="/Users/bellalhossain/Documents/CucumberBDD/newFramework/target/test-classes:/Users/bellalhossain/Documents/CucumberBDD/newFramework/target/classes:/Users/bellalhossain/.m2/repository/io/cucumber/cucumber-java/6.4.0/cucumber-java-6.4.0.jar:/Users/bellalhossain/.m2/repository/io/cucumber/cucumber-core/6.4.0/cucumber-core-6.4.0.jar:/Users/bellalhossain/.m2/repository/io/cucumber/cucumber-gherkin/6.4.0/cucumber-gherkin-6.4.0.jar:/Users/bellalhossain/.m2/repository/io/cucumber/cucumber-gherkin-messages/6.4.0/cucumber-gherkin-messages-6.4.0.jar:/Users/bellalhossain/.m2/repository/io/cucumber/messages/12.4.0/messages-12.4.0.jar:/Users/bellalhossain/.m2/repository/io/cucumber/tag-expressions/3.0.0/tag-expressions-3.0.0.jar:/Users/bellalhossain/.m2/repository/io/cucumber/cucumber-expressions/10.2.2/cucumber-expressions-10.2.2.jar:/Users/bellalhossain/.m2/repository/io/cucumber/datatable/3.3.1/datatable-3.3.1.jar:/Users/bellalhossain/.m2/repository/io/cucumber/cucumber-plugin/6.4.0/cucumber-plugin-6.4.0.jar:/Users/bellalhossain/.m2/repository/io/cucumber/docstring/6.4.0/docstring-6.4.0.jar:/Users/bellalhossain/.m2/repository/io/cucumber/html-formatter/7.2.0/html-formatter-7.2.0.jar:/Users/bellalhossain/.m2/repository/io/cucumber/create-meta/1.1.0/create-meta-1.1.0.jar:/Users/bellalhossain/.m2/repository/org/apiguardian/apiguardian-api/1.1.0/apiguardian-api-1.1.0.jar:/Users/bellalhossain/.m2/repository/io/cucumber/cucumber-testng/6.4.0/cucumber-testng-6.4.0.jar:/Users/bellalhossain/.m2/repository/org/testng/testng/7.1.0/testng-7.1.0.jar:/Users/bellalhossain/.m2/repository/com/beust/jcommander/1.72/jcommander-1.72.jar:/Users/bellalhossain/.m2/repository/com/google/inject/guice/4.1.0/guice-4.1.0-no_aop.jar:/Users/bellalhossain/.m2/repository/javax/inject/javax.inject/1/javax.inject-1.jar:/Users/bellalhossain/.m2/repository/aopalliance/aopalliance/1.0/aopalliance-1.0.jar:/Users/bellalhossain/.m2/repository/org/yaml/snakeyaml/1.21/snakeyaml-1.21.jar:/Users/bellalhossain/.m2/repository/org/seleniumhq/selenium/selenium-java/3.141.59/selenium-java-3.141.59.jar:/Users/bellalhossain/.m2/repository/org/seleniumhq/selenium/selenium-api/3.141.59/selenium-api-3.141.59.jar:/Users/bellalhossain/.m2/repository/org/seleniumhq/selenium/selenium-chrome-driver/3.141.59/selenium-chrome-driver-3.141.59.jar:/Users/bellalhossain/.m2/repository/org/seleniumhq/selenium/selenium-edge-driver/3.141.59/selenium-edge-driver-3.141.59.jar:/Users/bellalhossain/.m2/repository/org/seleniumhq/selenium/selenium-firefox-driver/3.141.59/selenium-firefox-driver-3.141.59.jar:/Users/bellalhossain/.m2/repository/org/seleniumhq/selenium/selenium-ie-driver/3.141.59/selenium-ie-driver-3.141.59.jar:/Users/bellalhossain/.m2/repository/org/seleniumhq/selenium/selenium-opera-driver/3.141.59/selenium-opera-driver-3.141.59.jar:/Users/bellalhossain/.m2/repository/org/seleniumhq/selenium/selenium-remote-driver/3.141.59/selenium-remote-driver-3.141.59.jar:/Users/bellalhossain/.m2/repository/org/seleniumhq/selenium/selenium-safari-driver/3.141.59/selenium-safari-driver-3.141.59.jar:/Users/bellalhossain/.m2/repository/org/seleniumhq/selenium/selenium-support/3.141.59/selenium-support-3.141.59.jar:/Users/bellalhossain/.m2/repository/net/bytebuddy/byte-buddy/1.8.15/byte-buddy-1.8.15.jar:/Users/bellalhossain/.m2/repository/org/apache/commons/commons-exec/1.3/commons-exec-1.3.jar:/Users/bellalhossain/.m2/repository/com/google/guava/guava/25.0-jre/guava-25.0-jre.jar:/Users/bellalhossain/.m2/repository/com/google/code/findbugs/jsr305/1.3.9/jsr305-1.3.9.jar:/Users/bellalhossain/.m2/repository/org/checkerframework/checker-compat-qual/2.0.0/checker-compat-qual-2.0.0.jar:/Users/bellalhossain/.m2/repository/com/google/errorprone/error_prone_annotations/2.1.3/error_prone_annotations-2.1.3.jar:/Users/bellalhossain/.m2/repository/com/google/j2objc/j2objc-annotations/1.1/j2objc-annotations-1.1.jar:/Users/bellalhossain/.m2/repository/org/codehaus/mojo/animal-sniffer-annotations/1.14/animal-sniffer-annotations-1.14.jar:/Users/bellalhossain/.m2/repository/com/squareup/okhttp3/okhttp/3.11.0/okhttp-3.11.0.jar:/Users/bellalhossain/.m2/repository/com/squareup/okio/okio/1.14.0/okio-1.14.0.jar:/Users/bellalhossain/.m2/repository/io/github/bonigarcia/webdrivermanager/4.2.2/webdrivermanager-4.2.2.jar:/Users/bellalhossain/.m2/repository/org/slf4j/slf4j-api/1.7.30/slf4j-api-1.7.30.jar:/Users/bellalhossain/.m2/repository/commons-io/commons-io/2.8.0/commons-io-2.8.0.jar:/Users/bellalhossain/.m2/repository/com/google/code/gson/gson/2.8.6/gson-2.8.6.jar:/Users/bellalhossain/.m2/repository/org/apache/commons/commons-lang3/3.11/commons-lang3-3.11.jar:/Users/bellalhossain/.m2/repository/org/apache/httpcomponents/client5/httpclient5/5.0.1/httpclient5-5.0.1.jar:/Users/bellalhossain/.m2/repository/org/apache/httpcomponents/core5/httpcore5/5.0.1/httpcore5-5.0.1.jar:/Users/bellalhossain/.m2/repository/org/apache/httpcomponents/core5/httpcore5-h2/5.0.1/httpcore5-h2-5.0.1.jar:/Users/bellalhossain/.m2/repository/commons-codec/commons-codec/1.13/commons-codec-1.13.jar:/Users/bellalhossain/.m2/repository/org/rauschig/jarchivelib/1.1.0/jarchivelib-1.1.0.jar:/Users/bellalhossain/.m2/repository/org/apache/commons/commons-compress/1.20/commons-compress-1.20.jar:/Users/bellalhossain/.m2/repository/org/jsoup/jsoup/1.13.1/jsoup-1.13.1.jar:/Users/bellalhossain/.m2/repository/com/github/javafaker/javafaker/1.0.2/javafaker-1.0.2.jar:/Users/bellalhossain/.m2/repository/org/yaml/snakeyaml/1.23/snakeyaml-1.23-android.jar:/Users/bellalhossain/.m2/repository/com/github/mifmif/generex/1.0.2/generex-1.0.2.jar:/Users/bellalhossain/.m2/repository/dk/brics/automaton/automaton/1.11-8/automaton-1.11-8.jar:"/>
    <property name="java.vm.vendor" value="Homebrew"/>
    <property name="sun.arch.data.model" value="64"/>
    <property name="java.vendor.url" value="https://github.com/Homebrew/homebrew-core/issues"/>
    <property name="user.timezone" value="America/New_York"/>
    <property name="os.name" value="Mac OS X"/>
    <property name="java.vm.specification.version" value="16"/>
    <property name="sun.java.launcher" value="SUN_STANDARD"/>
    <property name="user.country" value="US"/>
    <property name="sun.boot.library.path" value="/usr/local/Cellar/openjdk/16.0.2/libexec/openjdk.jdk/Contents/Home/lib"/>
    <property name="sun.java.command" value="/Users/bellalhossain/Documents/CucumberBDD/newFramework/target/surefire/surefirebooter10513383371914177737.jar /Users/bellalhossain/Documents/CucumberBDD/newFramework/target/surefire 2021-09-15T12-19-57_137-jvmRun1 surefire11204539979437136111tmp surefire_04519711485752680207tmp"/>
    <property name="http.nonProxyHosts" value="local|*.local|169.254/16|*.169.254/16"/>
    <property name="jdk.debug" value="release"/>
    <property name="surefire.test.class.path" value="/Users/bellalhossain/Documents/CucumberBDD/newFramework/target/test-classes:/Users/bellalhossain/Documents/CucumberBDD/newFramework/target/classes:/Users/bellalhossain/.m2/repository/io/cucumber/cucumber-java/6.4.0/cucumber-java-6.4.0.jar:/Users/bellalhossain/.m2/repository/io/cucumber/cucumber-core/6.4.0/cucumber-core-6.4.0.jar:/Users/bellalhossain/.m2/repository/io/cucumber/cucumber-gherkin/6.4.0/cucumber-gherkin-6.4.0.jar:/Users/bellalhossain/.m2/repository/io/cucumber/cucumber-gherkin-messages/6.4.0/cucumber-gherkin-messages-6.4.0.jar:/Users/bellalhossain/.m2/repository/io/cucumber/messages/12.4.0/messages-12.4.0.jar:/Users/bellalhossain/.m2/repository/io/cucumber/tag-expressions/3.0.0/tag-expressions-3.0.0.jar:/Users/bellalhossain/.m2/repository/io/cucumber/cucumber-expressions/10.2.2/cucumber-expressions-10.2.2.jar:/Users/bellalhossain/.m2/repository/io/cucumber/datatable/3.3.1/datatable-3.3.1.jar:/Users/bellalhossain/.m2/repository/io/cucumber/cucumber-plugin/6.4.0/cucumber-plugin-6.4.0.jar:/Users/bellalhossain/.m2/repository/io/cucumber/docstring/6.4.0/docstring-6.4.0.jar:/Users/bellalhossain/.m2/repository/io/cucumber/html-formatter/7.2.0/html-formatter-7.2.0.jar:/Users/bellalhossain/.m2/repository/io/cucumber/create-meta/1.1.0/create-meta-1.1.0.jar:/Users/bellalhossain/.m2/repository/org/apiguardian/apiguardian-api/1.1.0/apiguardian-api-1.1.0.jar:/Users/bellalhossain/.m2/repository/io/cucumber/cucumber-testng/6.4.0/cucumber-testng-6.4.0.jar:/Users/bellalhossain/.m2/repository/org/testng/testng/7.1.0/testng-7.1.0.jar:/Users/bellalhossain/.m2/repository/com/beust/jcommander/1.72/jcommander-1.72.jar:/Users/bellalhossain/.m2/repository/com/google/inject/guice/4.1.0/guice-4.1.0-no_aop.jar:/Users/bellalhossain/.m2/repository/javax/inject/javax.inject/1/javax.inject-1.jar:/Users/bellalhossain/.m2/repository/aopalliance/aopalliance/1.0/aopalliance-1.0.jar:/Users/bellalhossain/.m2/repository/org/yaml/snakeyaml/1.21/snakeyaml-1.21.jar:/Users/bellalhossain/.m2/repository/org/seleniumhq/selenium/selenium-java/3.141.59/selenium-java-3.141.59.jar:/Users/bellalhossain/.m2/repository/org/seleniumhq/selenium/selenium-api/3.141.59/selenium-api-3.141.59.jar:/Users/bellalhossain/.m2/repository/org/seleniumhq/selenium/selenium-chrome-driver/3.141.59/selenium-chrome-driver-3.141.59.jar:/Users/bellalhossain/.m2/repository/org/seleniumhq/selenium/selenium-edge-driver/3.141.59/selenium-edge-driver-3.141.59.jar:/Users/bellalhossain/.m2/repository/org/seleniumhq/selenium/selenium-firefox-driver/3.141.59/selenium-firefox-driver-3.141.59.jar:/Users/bellalhossain/.m2/repository/org/seleniumhq/selenium/selenium-ie-driver/3.141.59/selenium-ie-driver-3.141.59.jar:/Users/bellalhossain/.m2/repository/org/seleniumhq/selenium/selenium-opera-driver/3.141.59/selenium-opera-driver-3.141.59.jar:/Users/bellalhossain/.m2/repository/org/seleniumhq/selenium/selenium-remote-driver/3.141.59/selenium-remote-driver-3.141.59.jar:/Users/bellalhossain/.m2/repository/org/seleniumhq/selenium/selenium-safari-driver/3.141.59/selenium-safari-driver-3.141.59.jar:/Users/bellalhossain/.m2/repository/org/seleniumhq/selenium/selenium-support/3.141.59/selenium-support-3.141.59.jar:/Users/bellalhossain/.m2/repository/net/bytebuddy/byte-buddy/1.8.15/byte-buddy-1.8.15.jar:/Users/bellalhossain/.m2/repository/org/apache/commons/commons-exec/1.3/commons-exec-1.3.jar:/Users/bellalhossain/.m2/repository/com/google/guava/guava/25.0-jre/guava-25.0-jre.jar:/Users/bellalhossain/.m2/repository/com/google/code/findbugs/jsr305/1.3.9/jsr305-1.3.9.jar:/Users/bellalhossain/.m2/repository/org/checkerframework/checker-compat-qual/2.0.0/checker-compat-qual-2.0.0.jar:/Users/bellalhossain/.m2/repository/com/google/errorprone/error_prone_annotations/2.1.3/error_prone_annotations-2.1.3.jar:/Users/bellalhossain/.m2/repository/com/google/j2objc/j2objc-annotations/1.1/j2objc-annotations-1.1.jar:/Users/bellalhossain/.m2/repository/org/codehaus/mojo/animal-sniffer-annotations/1.14/animal-sniffer-annotations-1.14.jar:/Users/bellalhossain/.m2/repository/com/squareup/okhttp3/okhttp/3.11.0/okhttp-3.11.0.jar:/Users/bellalhossain/.m2/repository/com/squareup/okio/okio/1.14.0/okio-1.14.0.jar:/Users/bellalhossain/.m2/repository/io/github/bonigarcia/webdrivermanager/4.2.2/webdrivermanager-4.2.2.jar:/Users/bellalhossain/.m2/repository/org/slf4j/slf4j-api/1.7.30/slf4j-api-1.7.30.jar:/Users/bellalhossain/.m2/repository/commons-io/commons-io/2.8.0/commons-io-2.8.0.jar:/Users/bellalhossain/.m2/repository/com/google/code/gson/gson/2.8.6/gson-2.8.6.jar:/Users/bellalhossain/.m2/repository/org/apache/commons/commons-lang3/3.11/commons-lang3-3.11.jar:/Users/bellalhossain/.m2/repository/org/apache/httpcomponents/client5/httpclient5/5.0.1/httpclient5-5.0.1.jar:/Users/bellalhossain/.m2/repository/org/apache/httpcomponents/core5/httpcore5/5.0.1/httpcore5-5.0.1.jar:/Users/bellalhossain/.m2/repository/org/apache/httpcomponents/core5/httpcore5-h2/5.0.1/httpcore5-h2-5.0.1.jar:/Users/bellalhossain/.m2/repository/commons-codec/commons-codec/1.13/commons-codec-1.13.jar:/Users/bellalhossain/.m2/repository/org/rauschig/jarchivelib/1.1.0/jarchivelib-1.1.0.jar:/Users/bellalhossain/.m2/repository/org/apache/commons/commons-compress/1.20/commons-compress-1.20.jar:/Users/bellalhossain/.m2/repository/org/jsoup/jsoup/1.13.1/jsoup-1.13.1.jar:/Users/bellalhossain/.m2/repository/com/github/javafaker/javafaker/1.0.2/javafaker-1.0.2.jar:/Users/bellalhossain/.m2/repository/org/yaml/snakeyaml/1.23/snakeyaml-1.23-android.jar:/Users/bellalhossain/.m2/repository/com/github/mifmif/generex/1.0.2/generex-1.0.2.jar:/Users/bellalhossain/.m2/repository/dk/brics/automaton/automaton/1.11-8/automaton-1.11-8.jar:"/>
    <property name="sun.cpu.endian" value="little"/>
    <property name="user.home" value="/Users/bellalhossain"/>
    <property name="user.language" value="en"/>
    <property name="java.specification.vendor" value="Oracle Corporation"/>
    <property name="java.version.date" value="2021-07-20"/>
    <property name="java.home" value="/usr/local/Cellar/openjdk/16.0.2/libexec/openjdk.jdk/Contents/Home"/>
    <property name="file.separator" value="/"/>
    <property name="basedir" value="/Users/bellalhossain/Documents/CucumberBDD/newFramework"/>
    <property name="java.vm.compressedOopsMode" value="Zero based"/>
    <property name="line.separator" value="&#10;"/>
    <property name="java.vm.specification.vendor" value="Oracle Corporation"/>
    <property name="java.specification.name" value="Java Platform API Specification"/>
    <property name="surefire.real.class.path" value="/Users/bellalhossain/Documents/CucumberBDD/newFramework/target/surefire/surefirebooter10513383371914177737.jar"/>
    <property name="sun.management.compiler" value="HotSpot 64-Bit Tiered Compilers"/>
    <property name="ftp.nonProxyHosts" value="local|*.local|169.254/16|*.169.254/16"/>
    <property name="java.runtime.version" value="16.0.2+0"/>
    <property name="user.name" value="bellalhossain"/>
    <property name="path.separator" value=":"/>
    <property name="os.version" value="11.2.3"/>
    <property name="java.runtime.name" value="OpenJDK Runtime Environment"/>
    <property name="file.encoding" value="UTF-8"/>
    <property name="java.vm.name" value="OpenJDK 64-Bit Server VM"/>
    <property name="java.vendor.version" value="Homebrew"/>
    <property name="localRepository" value="/Users/bellalhossain/.m2/repository"/>
    <property name="java.vendor.url.bug" value="https://github.com/Homebrew/homebrew-core/issues"/>
    <property name="java.io.tmpdir" value="/var/folders/_h/phymn4qn3rb7qn2xkmr868t00000gn/T/"/>
    <property name="java.version" value="16.0.2"/>
    <property name="user.dir" value="/Users/bellalhossain/Documents/CucumberBDD/newFramework"/>
    <property name="os.arch" value="x86_64"/>
    <property name="java.vm.specification.name" value="Java Virtual Machine Specification"/>
    <property name="java.library.path" value="/Users/bellalhossain/Library/Java/Extensions:/Library/Java/Extensions:/Network/Library/Java/Extensions:/System/Library/Java/Extensions:/usr/lib/java:."/>
    <property name="java.vm.info" value="mixed mode, sharing"/>
    <property name="java.vendor" value="Homebrew"/>
    <property name="java.vm.version" value="16.0.2+0"/>
    <property name="sun.io.unicode.encoding" value="UnicodeBig"/>
    <property name="socksNonProxyHosts" value="local|*.local|169.254/16|*.169.254/16"/>
    <property name="java.class.version" value="60.0"/>
  </properties>
  <testcase name="runScenario[&quot;Login with valid email and password&quot;, &quot;Optional[Login]&quot;](1)" classname="TestRunner" time="24.317">
    <failure message="Cannot locate an element using name=email&#10;For documentation on this error, please visit: https://www.seleniumhq.org/exceptions/no_such_element.html&#10;Build info: version: &apos;3.141.59&apos;, revision: &apos;e82be7d358&apos;, time: &apos;2018-11-14T08:17:03&apos;&#10;System info: host: &apos;Bellals-MBP&apos;, ip: &apos;2603:7000:c803:d008:d849:601f:c38d:de0d%en0&apos;, os.name: &apos;Mac OS X&apos;, os.arch: &apos;x86_64&apos;, os.version: &apos;11.2.3&apos;, java.version: &apos;16.0.2&apos;&#10;Driver info: driver.version: RemoteWebDriver" type="org.openqa.selenium.NoSuchElementException"><![CDATA[org.openqa.selenium.NoSuchElementException: 
Cannot locate an element using name=email
For documentation on this error, please visit: https://www.seleniumhq.org/exceptions/no_such_element.html
Build info: version: '3.141.59', revision: 'e82be7d358', time: '2018-11-14T08:17:03'
System info: host: 'Bellals-MBP', ip: '2603:7000:c803:d008:d849:601f:c38d:de0d%en0', os.name: 'Mac OS X', os.arch: 'x86_64', os.version: '11.2.3', java.version: '16.0.2'
Driver info: driver.version: RemoteWebDriver
]]></failure>
    <system-err><![CDATA[SLF4J: Failed to load class "org.slf4j.impl.StaticLoggerBinder".
SLF4J: Defaulting to no-operation (NOP) logger implementation
SLF4J: See http://www.slf4j.org/codes.html#StaticLoggerBinder for further details.
Starting ChromeDriver 93.0.4577.63 (ff5c0da2ec0adeaed5550e6c7e98417dac77d98a-refs/branch-heads/4577@{#1135}) on port 8102
Only local connections are allowed.
Please see https://chromedriver.chromium.org/security-considerations for suggestions on keeping ChromeDriver safe.
ChromeDriver was started successfully.
Sep 15, 2021 12:20:02 PM org.openqa.selenium.remote.ProtocolHandshake createSession
INFO: Detected dialect: W3C
]]></system-err>
  </testcase>
  <testcase name="runScenario[&quot;User should be able to search hotel in expedia&quot;, &quot;Optional[Search hotel]&quot;](2)" classname="TestRunner" time="13.328">
    <failure message="invalid selector: An invalid or illegal selector was specified&#10;  (Session info: chrome=93.0.4577.63)&#10;For documentation on this error, please visit: https://www.seleniumhq.org/exceptions/invalid_selector_exception.html&#10;Build info: version: &apos;3.141.59&apos;, revision: &apos;e82be7d358&apos;, time: &apos;2018-11-14T08:17:03&apos;&#10;System info: host: &apos;Bellals-MBP&apos;, ip: &apos;2603:7000:c803:d008:d849:601f:c38d:de0d%en0&apos;, os.name: &apos;Mac OS X&apos;, os.arch: &apos;x86_64&apos;, os.version: &apos;11.2.3&apos;, java.version: &apos;16.0.2&apos;&#10;Driver info: org.openqa.selenium.chrome.ChromeDriver&#10;Capabilities {acceptInsecureCerts: false, browserName: chrome, browserVersion: 93.0.4577.63, chrome: {chromedriverVersion: 93.0.4577.63 (ff5c0da2ec0ad..., userDataDir: /var/folders/_h/phymn4qn3rb...}, goog:chromeOptions: {debuggerAddress: localhost:65526}, javascriptEnabled: true, networkConnectionEnabled: false, pageLoadStrategy: normal, platform: MAC, platformName: MAC, proxy: Proxy(), setWindowRect: true, strictFileInteractability: false, timeouts: {implicit: 0, pageLoad: 300000, script: 30000}, unhandledPromptBehavior: dismiss and notify, webauthn:extension:credBlob: true, webauthn:extension:largeBlob: true, webauthn:virtualAuthenticators: true}&#10;Session ID: 053ac72353ec3aa08ced88ec91fdccb5&#10;*** Element info: {Using=css selector, value=//*[@id=&quot;rso&quot;]/div[1]/div/div/table/tbody/tr[2]/td/div/h3/a}" type="org.openqa.selenium.InvalidSelectorException"><![CDATA[org.openqa.selenium.InvalidSelectorException: 
invalid selector: An invalid or illegal selector was specified
  (Session info: chrome=93.0.4577.63)
For documentation on this error, please visit: https://www.seleniumhq.org/exceptions/invalid_selector_exception.html
Build info: version: '3.141.59', revision: 'e82be7d358', time: '2018-11-14T08:17:03'
System info: host: 'Bellals-MBP', ip: '2603:7000:c803:d008:d849:601f:c38d:de0d%en0', os.name: 'Mac OS X', os.arch: 'x86_64', os.version: '11.2.3', java.version: '16.0.2'
Driver info: org.openqa.selenium.chrome.ChromeDriver
Capabilities {acceptInsecureCerts: false, browserName: chrome, browserVersion: 93.0.4577.63, chrome: {chromedriverVersion: 93.0.4577.63 (ff5c0da2ec0ad..., userDataDir: /var/folders/_h/phymn4qn3rb...}, goog:chromeOptions: {debuggerAddress: localhost:65526}, javascriptEnabled: true, networkConnectionEnabled: false, pageLoadStrategy: normal, platform: MAC, platformName: MAC, proxy: Proxy(), setWindowRect: true, strictFileInteractability: false, timeouts: {implicit: 0, pageLoad: 300000, script: 30000}, unhandledPromptBehavior: dismiss and notify, webauthn:extension:credBlob: true, webauthn:extension:largeBlob: true, webauthn:virtualAuthenticators: true}
Session ID: 053ac72353ec3aa08ced88ec91fdccb5
*** Element info: {Using=css selector, value=//*[@id="rso"]/div[1]/div/div/table/tbody/tr[2]/td/div/h3/a}
]]></failure>
    <system-err><![CDATA[Starting ChromeDriver 93.0.4577.63 (ff5c0da2ec0adeaed5550e6c7e98417dac77d98a-refs/branch-heads/4577@{#1135}) on port 7048
Only local connections are allowed.
Please see https://chromedriver.chromium.org/security-considerations for suggestions on keeping ChromeDriver safe.
ChromeDriver was started successfully.
Sep 15, 2021 12:20:25 PM org.openqa.selenium.remote.ProtocolHandshake createSession
INFO: Detected dialect: W3C
]]></system-err>
  </testcase>
</testsuite>